This is pdfTeX, Version 3.14159265-2.6-1.40.18 (MiKTeX 2.9.6350 64-bit) (preloaded format=pdflatex 2017.6.12)  13 JUN 2017 10:08
entering extended mode
**titlepage.tex titlepagevm
(titlepage.tex
LaTeX2e <2017-04-15>
Babel <3.10> and hyphenation patterns for 75 language(s) loaded.

! LaTeX Error: Environment titlepage undefined.

See the LaTeX manual or LaTeX Companion for explanation.
Type  H <return>  for immediate help.
 ...                                              
                                                  
l.1 \begin{titlepage}
                     
Your command was ignored.
Type  I <command> <return>  to replace it with another command,
or  <return>  to continue without it.


! LaTeX Error: Missing \begin{document}.

See the LaTeX manual or LaTeX Companion for explanation.
Type  H <return>  for immediate help.
 ...                                              
                                                  
l.2 	\begin{center}
                   
You're in trouble here.  Try typing  <return>  to proceed.
If that doesn't work, type  X <return>  to quit.


Overfull \hbox (20.0pt too wide) in paragraph at lines 2--2
[] 
 []


! LaTeX Error: The font size command \normalsize is not defined:
               there is probably something wrong with the class file.

See the LaTeX manual or LaTeX Companion for explanation.
Type  H <return>  for immediate help.
 ...                                              
                                                  
l.3 		\normalsize
                 
Your command was ignored.
Type  I <command> <return>  to replace it with another command,
or  <return>  to continue without it.

Missing character: There is no Å in font cmss10!
Missing character: There is no ž in font cmss10!

Overfull \hbox (20.06955pt too wide) in paragraph at lines 4--7
 \OT1/cmss/m/n/10 UNI- 
 []


Overfull \hbox (22.4306pt too wide) in paragraph at lines 4--7
 \OT1/cmss/m/n/10 VER- 
 []


Overfull \hbox (11.6667pt too wide) in paragraph at lines 4--7
 \OT1/cmss/m/n/10 SI- 
 []


Overfull \hbox (31.25006pt too wide) in paragraph at lines 4--7
 \OT1/cmss/m/n/10 TATEA 
 []


Overfull \hbox (41.80568pt too wide) in paragraph at lines 4--7
 \OT1/cmss/m/n/10 ALEXAN- 
 []


Overfull \hbox (20.55566pt too wide) in paragraph at lines 4--7
 \OT1/cmss/m/n/10 DRU 
 []


Overfull \hbox (23.61119pt too wide) in paragraph at lines 4--7
 \OT1/cmss/m/n/10 IOAN 
 []


Overfull \hbox (26.04175pt too wide) in paragraph at lines 4--7
 \OT1/cmss/m/n/10 CUZA 
 []


Overfull \hbox (12.22229pt too wide) in paragraph at lines 4--7
 \OT1/cmss/m/n/10 IAI  
 []

! Undefined control sequence.
l.9 		\Large
            
The control sequence at the end of the top line
of your error message was never \def'ed. If you have
misspelled it (e.g., `\hobx'), type `I' and the correct
spelling (e.g., `I\hbox'). Otherwise just continue,
and I'll forget about whatever was undefined.

Missing character: There is no Ä in font cmbx10!
Missing character: There is no ‚ in font cmbx10!

Overfull \hbox (76.47179pt too wide) in paragraph at lines 10--11
 []\OT1/cmr/bx/n/10 FACULTATEA 
 []


Overfull \hbox (16.37491pt too wide) in paragraph at lines 10--11
 \OT1/cmr/bx/n/10 DE 
 []


Overfull \hbox (17.19435pt too wide) in paragraph at lines 10--11
 \OT1/cmr/bx/n/10 IN- 
 []


Overfull \hbox (28.01373pt too wide) in paragraph at lines 10--11
 \OT1/cmr/bx/n/10 FOR- 
 []


Overfull \hbox (39.31923pt too wide) in paragraph at lines 10--11
 \OT1/cmr/bx/n/10 MATIC 
 []


! LaTeX Error: Environment figure undefined.

See the LaTeX manual or LaTeX Companion for explanation.
Type  H <return>  for immediate help.
 ...                                              
                                                  
l.13 		\begin{figure}
                     [h]
Your command was ignored.
Type  I <command> <return>  to replace it with another command,
or  <return>  to continue without it.

Missing character: There is no [ in font nullfont!
Missing character: There is no h in font nullfont!
Missing character: There is no ] in font nullfont!
! Undefined control sequence.
l.15     		\includegraphics
                           [scale=1.5]{fii}
The control sequence at the end of the top line
of your error message was never \def'ed. If you have
misspelled it (e.g., `\hobx'), type `I' and the correct
spelling (e.g., `I\hbox'). Otherwise just continue,
and I'll forget about whatever was undefined.

Missing character: There is no [ in font nullfont!
Missing character: There is no s in font nullfont!
Missing character: There is no c in font nullfont!
Missing character: There is no a in font nullfont!
Missing character: There is no l in font nullfont!
Missing character: There is no e in font nullfont!
Missing character: There is no = in font nullfont!
Missing character: There is no 1 in font nullfont!
Missing character: There is no . in font nullfont!
Missing character: There is no 5 in font nullfont!
Missing character: There is no ] in font nullfont!
Missing character: There is no f in font nullfont!
Missing character: There is no i in font nullfont!
Missing character: There is no i in font nullfont!

! LaTeX Error: \begin{center} on input line 2 ended by \end{figure}.

See the LaTeX manual or LaTeX Companion for explanation.
Type  H <return>  for immediate help.
 ...                                              
                                                  
l.16 		\end{figure}
                   
Your command was ignored.
Type  I <command> <return>  to replace it with another command,
or  <return>  to continue without it.


LaTeX Font Warning: Font shape `OT1/cmr/m/n' in size <18> not available
(Font)              size <17.28> substituted on input line 20.

Missing character: There is no È in font cmr17!
Missing character: There is no š in font cmr17!

Overfull \hbox (79.82153pt too wide) in paragraph at lines 20--20
 []\OT1/cmr/m/n/17.28 LUCRARE 
 []


Overfull \hbox (23.06508pt too wide) in paragraph at lines 20--20
 \OT1/cmr/m/n/17.28 DE 
 []


Overfull \hbox (31.91498pt too wide) in paragraph at lines 20--20
 \OT1/cmr/m/n/17.28 DIS- 
 []


Overfull \hbox (27.8303pt too wide) in paragraph at lines 20--20
 \OT1/cmr/m/n/17.28 ER- 
 []


Overfull \hbox (38.67883pt too wide) in paragraph at lines 20--20
 \OT1/cmr/m/n/17.28 TAIE 
 []

! Undefined control sequence.
l.23 		\Huge
            
The control sequence at the end of the top line
of your error message was never \def'ed. If you have
misspelled it (e.g., `\hobx'), type `I' and the correct
spelling (e.g., `I\hbox'). Otherwise just continue,
and I'll forget about whatever was undefined.


Overfull \hbox (8.6944pt too wide) in paragraph at lines 24--25
 []\OT1/cmr/bx/n/10 A 
 []


Overfull \hbox (27.8554pt too wide) in paragraph at lines 24--25
 \OT1/cmr/bx/n/10 study 
 []


Overfull \hbox (12.13882pt too wide) in paragraph at lines 24--25
 \OT1/cmr/bx/n/10 on 
 []


Overfull \hbox (26.1943pt too wide) in paragraph at lines 24--25
 \OT1/cmr/bx/n/10 point 
 []


Overfull \hbox (9.58328pt too wide) in paragraph at lines 24--25
 \OT1/cmr/bx/n/10 in 
 []


Overfull \hbox (22.52072pt too wide) in paragraph at lines 24--25
 \OT1/cmr/bx/n/10 time 
 []


Overfull \hbox (13.84023pt too wide) in paragraph at lines 24--25
 \OT1/cmr/bx/n/10 re- 
 []


Overfull \hbox (20.44434pt too wide) in paragraph at lines 24--25
 \OT1/cmr/bx/n/10 cov- 
 []


Overfull \hbox (16.07632pt too wide) in paragraph at lines 24--25
 \OT1/cmr/bx/n/10 ery 
 []


Overfull \hbox (12.13882pt too wide) in paragraph at lines 24--25
 \OT1/cmr/bx/n/10 on 
 []


Overfull \hbox (13.84023pt too wide) in paragraph at lines 24--25
 \OT1/cmr/bx/n/10 re- 
 []


Overfull \hbox (12.61797pt too wide) in paragraph at lines 24--25
 \OT1/cmr/bx/n/10 la- 
 []


Overfull \hbox (28.5901pt too wide) in paragraph at lines 24--25
 \OT1/cmr/bx/n/10 tional 
 []


Overfull \hbox (48.36354pt too wide) in paragraph at lines 24--25
 \OT1/cmr/bx/n/10 databases 
 []

! Undefined control sequence.
l.27 		\Large
             
The control sequence at the end of the top line
of your error message was never \def'ed. If you have
misspelled it (e.g., `\hobx'), type `I' and the correct
spelling (e.g., `I\hbox'). Otherwise just continue,
and I'll forget about whatever was undefined.

Missing character: There is no Ä in font cmbx10!
Missing character: There is no ƒ in font cmbx10!

Overfull \hbox (34.1887pt too wide) in paragraph at lines 28--29
 []\OT1/cmr/bx/n/10 propus 
 []


Overfull \hbox (11.65967pt too wide) in paragraph at lines 28--29
 \OT1/cmr/bx/n/10 de 
 []

! Undefined control sequence.
l.31 		\huge
            
The control sequence at the end of the top line
of your error message was never \def'ed. If you have
misspelled it (e.g., `\hobx'), type `I' and the correct
spelling (e.g., `I\hbox'). Otherwise just continue,
and I'll forget about whatever was undefined.

Missing character: There is no È in font cmbxti10!
Missing character: There is no ˜ in font cmbxti10!

Overfull \hbox (25.58311pt too wide) in paragraph at lines 32--33
 []\OT1/cmr/bx/it/10 tefan 
 []


Overfull \hbox (23.70349pt too wide) in paragraph at lines 32--33
 \OT1/cmr/bx/it/10 Stan 
 []


LaTeX Font Warning: Font shape `OT1/cmr/bx/n' in size <18> not available
(Font)              size <17.28> substituted on input line 36.


LaTeX Font Warning: Font shape `OT1/cmr/m/it' in size <18> not available
(Font)              size <17.28> substituted on input line 37.


Overfull \hbox (78.05795pt too wide) in paragraph at lines 36--37
 []\OT1/cmr/bx/n/17.28 Sesiunea: 
 []


Overfull \hbox (38.04839pt too wide) in paragraph at lines 36--37
 \OT1/cmr/m/it/17.28 Iulie, 
 []


Overfull \hbox (36.9123pt too wide) in paragraph at lines 36--37
 \OT1/cmr/m/it/17.28 2017 
 []

Missing character: There is no Å in font cmbx12!
Missing character: There is no Ÿ in font cmbx12!
Missing character: There is no Å in font cmbx12!
Missing character: There is no £ in font cmbx12!

Overfull \hbox (89.95822pt too wide) in paragraph at lines 41--41
 []\OT1/cmr/bx/n/14.4 Coordonator 
 []


Overfull \hbox (16.19997pt too wide) in paragraph at lines 41--41
 \OT1/cmr/bx/n/14.4 ti- 
 []


Overfull \hbox (34.19994pt too wide) in paragraph at lines 41--41
 \OT1/cmr/bx/n/14.4 inific 
 []

Missing character: There is no Ä in font cmbx12!
Missing character: There is no ƒ in font cmbx12!

Overfull \hbox (42.14998pt too wide) in paragraph at lines 45--45
 []\OT1/cmr/bx/n/17.28 Lect. 
 []


Overfull \hbox (24.13998pt too wide) in paragraph at lines 45--45
 \OT1/cmr/bx/n/17.28 dr. 
 []


Overfull \hbox (41.528pt too wide) in paragraph at lines 45--45
 \OT1/cmr/bx/n/17.28 Cris- 
 []


Overfull \hbox (33.20998pt too wide) in paragraph at lines 45--45
 \OT1/cmr/bx/n/17.28 tian 
 []


Overfull \hbox (38.088pt too wide) in paragraph at lines 45--45
 \OT1/cmr/bx/n/17.28 Frsi- 
 []


Overfull \hbox (38.98997pt too wide) in paragraph at lines 45--45
 \OT1/cmr/bx/n/17.28 naru 
 []


! LaTeX Error: The font size command \normalsize is not defined:
               there is probably something wrong with the class file.

See the LaTeX manual or LaTeX Companion for explanation.
Type  H <return>  for immediate help.
 ...                                              
                                                  
l.47 		\newpage
               
Your command was ignored.
Type  I <command> <return>  to replace it with another command,
or  <return>  to continue without it.

[1{C:/ProgramData/MiKTeX/2.9/pdftex/config/pdftex.map}]

! LaTeX Error: The font size command \normalsize is not defined:
               there is probably something wrong with the class file.

See the LaTeX manual or LaTeX Companion for explanation.
Type  H <return>  for immediate help.
 ...                                              
                                                  
l.50 		\normalsize
                  
Your command was ignored.
Type  I <command> <return>  to replace it with another command,
or  <return>  to continue without it.

Missing character: There is no Å in font cmss10!
Missing character: There is no ž in font cmss10!

Overfull \hbox (20.06955pt too wide) in paragraph at lines 51--54
 \OT1/cmss/m/n/10 UNI- 
 []


Overfull \hbox (22.4306pt too wide) in paragraph at lines 51--54
 \OT1/cmss/m/n/10 VER- 
 []


Overfull \hbox (11.6667pt too wide) in paragraph at lines 51--54
 \OT1/cmss/m/n/10 SI- 
 []


Overfull \hbox (31.25006pt too wide) in paragraph at lines 51--54
 \OT1/cmss/m/n/10 TATEA 
 []


Overfull \hbox (41.80568pt too wide) in paragraph at lines 51--54
 \OT1/cmss/m/n/10 ALEXAN- 
 []


Overfull \hbox (20.55566pt too wide) in paragraph at lines 51--54
 \OT1/cmss/m/n/10 DRU 
 []


Overfull \hbox (23.61119pt too wide) in paragraph at lines 51--54
 \OT1/cmss/m/n/10 IOAN 
 []


Overfull \hbox (26.04175pt too wide) in paragraph at lines 51--54
 \OT1/cmss/m/n/10 CUZA 
 []


Overfull \hbox (12.22229pt too wide) in paragraph at lines 51--54
 \OT1/cmss/m/n/10 IAI  
 []

! Undefined control sequence.
l.56 		\Large
             
The control sequence at the end of the top line
of your error message was never \def'ed. If you have
misspelled it (e.g., `\hobx'), type `I' and the correct
spelling (e.g., `I\hbox'). Otherwise just continue,
and I'll forget about whatever was undefined.

Missing character: There is no Ä in font cmbx10!
Missing character: There is no ‚ in font cmbx10!

Overfull \hbox (76.47179pt too wide) in paragraph at lines 57--58
 []\OT1/cmr/bx/n/10 FACULTATEA 
 []


Overfull \hbox (16.37491pt too wide) in paragraph at lines 57--58
 \OT1/cmr/bx/n/10 DE 
 []


Overfull \hbox (17.19435pt too wide) in paragraph at lines 57--58
 \OT1/cmr/bx/n/10 IN- 
 []


Overfull \hbox (28.01373pt too wide) in paragraph at lines 57--58
 \OT1/cmr/bx/n/10 FOR- 
 []


Overfull \hbox (39.31923pt too wide) in paragraph at lines 57--58
 \OT1/cmr/bx/n/10 MATIC 
 []

! Undefined control sequence.
l.61 		\Huge
            
The control sequence at the end of the top line
of your error message was never \def'ed. If you have
misspelled it (e.g., `\hobx'), type `I' and the correct
spelling (e.g., `I\hbox'). Otherwise just continue,
and I'll forget about whatever was undefined.


Overfull \hbox (8.6944pt too wide) in paragraph at lines 62--63
 []\OT1/cmr/bx/n/10 A 
 []


Overfull \hbox (27.8554pt too wide) in paragraph at lines 62--63
 \OT1/cmr/bx/n/10 study 
 []


Overfull \hbox (12.13882pt too wide) in paragraph at lines 62--63
 \OT1/cmr/bx/n/10 on 
 []


Overfull \hbox (26.1943pt too wide) in paragraph at lines 62--63
 \OT1/cmr/bx/n/10 point 
 []


Overfull \hbox (9.58328pt too wide) in paragraph at lines 62--63
 \OT1/cmr/bx/n/10 in 
 []


Overfull \hbox (22.52072pt too wide) in paragraph at lines 62--63
 \OT1/cmr/bx/n/10 time 
 []


Overfull \hbox (13.84023pt too wide) in paragraph at lines 62--63
 \OT1/cmr/bx/n/10 re- 
 []


Overfull \hbox (20.44434pt too wide) in paragraph at lines 62--63
 \OT1/cmr/bx/n/10 cov- 
 []


Overfull \hbox (16.07632pt too wide) in paragraph at lines 62--63
 \OT1/cmr/bx/n/10 ery 
 []


Overfull \hbox (12.13882pt too wide) in paragraph at lines 62--63
 \OT1/cmr/bx/n/10 on 
 []


Overfull \hbox (13.84023pt too wide) in paragraph at lines 62--63
 \OT1/cmr/bx/n/10 re- 
 []


Overfull \hbox (12.61797pt too wide) in paragraph at lines 62--63
 \OT1/cmr/bx/n/10 la- 
 []


Overfull \hbox (28.5901pt too wide) in paragraph at lines 62--63
 \OT1/cmr/bx/n/10 tional 
 []


Overfull \hbox (48.36354pt too wide) in paragraph at lines 62--63
 \OT1/cmr/bx/n/10 databases 
 []

! Undefined control sequence.
l.67 		\huge
            
The control sequence at the end of the top line
of your error message was never \def'ed. If you have
misspelled it (e.g., `\hobx'), type `I' and the correct
spelling (e.g., `I\hbox'). Otherwise just continue,
and I'll forget about whatever was undefined.

Missing character: There is no È in font cmbxti10!
Missing character: There is no ˜ in font cmbxti10!

Overfull \hbox (25.58311pt too wide) in paragraph at lines 68--69
 []\OT1/cmr/bx/it/10 tefan 
 []


Overfull \hbox (23.70349pt too wide) in paragraph at lines 68--69
 \OT1/cmr/bx/it/10 Stan 
 []


Overfull \hbox (78.05795pt too wide) in paragraph at lines 72--73
 []\OT1/cmr/bx/n/17.28 Sesiunea: 
 []


Overfull \hbox (38.04839pt too wide) in paragraph at lines 72--73
 \OT1/cmr/m/it/17.28 Iulie, 
 []


Overfull \hbox (36.9123pt too wide) in paragraph at lines 72--73
 \OT1/cmr/m/it/17.28 2017 
 []

Missing character: There is no Å in font cmbx12!
Missing character: There is no Ÿ in font cmbx12!
Missing character: There is no Å in font cmbx12!
Missing character: There is no £ in font cmbx12!

Overfull \hbox (89.95822pt too wide) in paragraph at lines 77--77
 []\OT1/cmr/bx/n/14.4 Coordonator 
 []


Overfull \hbox (16.19997pt too wide) in paragraph at lines 77--77
 \OT1/cmr/bx/n/14.4 ti- 
 []


Overfull \hbox (34.19994pt too wide) in paragraph at lines 77--77
 \OT1/cmr/bx/n/14.4 inific 
 []

Missing character: There is no Ä in font cmbx12!
Missing character: There is no ƒ in font cmbx12!

Overfull \hbox (42.14998pt too wide) in paragraph at lines 81--81
 []\OT1/cmr/bx/n/17.28 Lect. 
 []


Overfull \hbox (24.13998pt too wide) in paragraph at lines 81--81
 \OT1/cmr/bx/n/17.28 dr. 
 []


Overfull \hbox (41.528pt too wide) in paragraph at lines 81--81
 \OT1/cmr/bx/n/17.28 Cris- 
 []


Overfull \hbox (33.20998pt too wide) in paragraph at lines 81--81
 \OT1/cmr/bx/n/17.28 tian 
 []


Overfull \hbox (38.088pt too wide) in paragraph at lines 81--81
 \OT1/cmr/bx/n/17.28 Frsi- 
 []


Overfull \hbox (38.98997pt too wide) in paragraph at lines 81--81
 \OT1/cmr/bx/n/17.28 naru 
 []


! LaTeX Error: The font size command \normalsize is not defined:
               there is probably something wrong with the class file.

See the LaTeX manual or LaTeX Companion for explanation.
Type  H <return>  for immediate help.
 ...                                              
                                                  
l.83 		\normalsize
                  
Your command was ignored.
Type  I <command> <return>  to replace it with another command,
or  <return>  to continue without it.


! LaTeX Error: \begin{document} ended by \end{titlepage}.

See the LaTeX manual or LaTeX Companion for explanation.
Type  H <return>  for immediate help.
 ...                                              
                                                  
l.85 \end{titlepage}
                    
Your command was ignored.
Type  I <command> <return>  to replace it with another command,
or  <return>  to continue without it.

)
Missing character: There is no t in font nullfont!
Missing character: There is no i in font nullfont!
Missing character: There is no t in font nullfont!
Missing character: There is no l in font nullfont!
Missing character: There is no e in font nullfont!
Missing character: There is no p in font nullfont!
Missing character: There is no a in font nullfont!
Missing character: There is no g in font nullfont!
Missing character: There is no e in font nullfont!
Missing character: There is no v in font nullfont!
Missing character: There is no m in font nullfont!

! Emergency stop.
<*> titlepage.tex titlepagevm
                             
*** (job aborted, no legal \end found)

 
Here is how much of TeX's memory you used:
 35 strings out of 493323
 428 string characters out of 3139060
 55648 words of memory out of 3000000
 3664 multiletter control sequences out of 15000+200000
 6516 words of font info for 23 fonts, out of 3000000 for 9000
 1141 hyphenation exceptions out of 8191
 19i,4n,14p,112b,173s stack positions out of 5000i,500n,10000p,200000b,50000s
!  ==> Fatal error occurred, no output PDF file produced!
